<?xml version="1.0" encoding="UTF-8"?>
<!-- Generated by org.testng.reporters.JUnitReportReporter -->
<testsuite skipped="0" hostname="INLN56587850A" name="com.qa.base.utilities.JsonParserDemo" tests="1" failures="0" timestamp="30 Aug 2018 14:17:46 GMT" time="4.015" errors="0">
  <testcase name="getData" time="4.015" classname="com.qa.base.utilities.JsonParserDemo"/>
</testsuite> <!-- com.qa.base.utilities.JsonParserDemo -->
