<?xml version="1.0" encoding="UTF-8"?>
<!-- Generated by org.testng.reporters.JUnitReportReporter -->
<testsuite skipped="0" hostname="INLN56587850A" name="com.qa.testcase.GetAndValidateData" tests="1" failures="0" timestamp="30 Aug 2018 14:02:39 GMT" time="3.059" errors="0">
  <testcase name="getData" time="3.059" classname="com.qa.testcase.GetAndValidateData"/>
</testsuite> <!-- com.qa.testcase.GetAndValidateData -->
