<?xml version="1.0" encoding="UTF-8"?>
<!-- Generated by org.testng.reporters.JUnitReportReporter -->
<testsuite skipped="0" hostname="INLN56587850A" name="com.qa.base.TestBase" tests="1" failures="0" timestamp="29 Aug 2018 13:35:17 GMT" time="0.021" errors="0">
  <testcase name="TestBase" time="0.021" classname="com.qa.base.TestBase"/>
</testsuite> <!-- com.qa.base.TestBase -->
