<?xml version="1.0" encoding="UTF-8"?>
<!-- Generated by org.testng.reporters.JUnitReportReporter -->
<testsuite skipped="0" hostname="INLN56587850A" name="testcases.GetSeverData" tests="1" failures="0" timestamp="01 Sep 2018 07:55:03 GMT" time="1.355" errors="0">
  <testcase name="getServerData" time="1.355" classname="testcases.GetSeverData"/>
</testsuite> <!-- testcases.GetSeverData -->
