<?xml version="1.0" encoding="UTF-8"?>
<!-- Generated by org.testng.reporters.JUnitReportReporter -->
<testsuite skipped="0" hostname="INLN56587850A" name="base.BaseTest" tests="1" failures="0" timestamp="01 Sep 2018 07:21:35 GMT" time="0.005" errors="0">
  <testcase name="run" time="0.005" classname="base.BaseTest"/>
</testsuite> <!-- base.BaseTest -->
