<?xml version="1.0" encoding="UTF-8"?>
<!-- Generated by org.testng.reporters.JUnitReportReporter -->
<testsuite skipped="0" hostname="INLN56587850A" name="getdata.DeleteOps" tests="1" failures="0" timestamp="24 Aug 2018 18:48:44 GMT" time="1.913" errors="0">
  <testcase name="postData" time="1.913" classname="getdata.DeleteOps"/>
</testsuite> <!-- getdata.DeleteOps -->
