<?xml version="1.0" encoding="UTF-8"?>
<!-- Generated by org.testng.reporters.JUnitReportReporter -->
<testsuite skipped="0" hostname="INLN56587850A" name="utilities.XMLParsing" tests="1" failures="0" timestamp="26 Aug 2018 17:46:56 GMT" time="0.062" errors="0">
  <testcase name="XMLParse" time="0.062" classname="utilities.XMLParsing"/>
</testsuite> <!-- utilities.XMLParsing -->
