<?xml version="1.0" encoding="UTF-8"?>
<!-- Generated by org.testng.reporters.JUnitReportReporter -->
<testsuite skipped="0" hostname="INLN56587850A" name="utilities.ParseJsonDemo" tests="2" failures="0" timestamp="26 Aug 2018 17:45:10 GMT" time="5.045" errors="0">
  <testcase name="getData" time="4.982" classname="utilities.ParseJsonDemo"/>
  <testcase name="getFakeData" time="0.063" classname="utilities.ParseJsonDemo"/>
</testsuite> <!-- utilities.ParseJsonDemo -->
