<?xml version="1.0" encoding="UTF-8"?>
<!-- Generated by org.testng.reporters.JUnitReportReporter -->
<testsuite skipped="0" hostname="INLN56587850A" name="getdata.PostOps" tests="1" failures="0" timestamp="31 Aug 2018 06:16:12 GMT" time="2.183" errors="0">
  <testcase name="postData" time="2.183" classname="getdata.PostOps"/>
</testsuite> <!-- getdata.PostOps -->
