<?xml version="1.0" encoding="UTF-8"?>
<!-- Generated by org.testng.reporters.JUnitReportReporter -->
<testsuite skipped="0" hostname="INLN56587850A" name="getdata.GetDataAtul" tests="1" failures="0" timestamp="05 Sep 2018 12:28:18 GMT" time="1.941" errors="0">
  <testcase name="getData" time="1.941" classname="getdata.GetDataAtul"/>
</testsuite> <!-- getdata.GetDataAtul -->
