<?xml version="1.0" encoding="UTF-8"?>
<!-- Generated by org.testng.reporters.JUnitReportReporter -->
<testsuite skipped="0" hostname="INLN56587850A" name="getdata.GetDataDemo" tests="2" failures="0" timestamp="29 Aug 2018 13:22:29 GMT" time="5.267" errors="0">
  <testcase name="getReqFromJSON" time="4.182" classname="getdata.GetDataDemo"/>
  <testcase name="getReqFromXML" time="1.085" classname="getdata.GetDataDemo"/>
</testsuite> <!-- getdata.GetDataDemo -->
