<?xml version="1.0" encoding="UTF-8"?>
<!-- Generated by org.testng.reporters.JUnitReportReporter -->
<testsuite skipped="0" hostname="INLN56587850A" name="getdata.GetDataDemo" tests="2" failures="0" timestamp="24 Aug 2018 11:31:44 GMT" time="4.802" errors="0">
  <testcase name="getReqDetails" time="3.481" classname="getdata.GetDataDemo"/>
  <testcase name="getRequ" time="1.321" classname="getdata.GetDataDemo"/>
</testsuite> <!-- getdata.GetDataDemo -->
