<?xml version="1.0" encoding="UTF-8"?>
<!-- Generated by org.testng.reporters.JUnitReportReporter -->
<testsuite skipped="0" hostname="INLN56587850A" name="getdata.GetDataAtul" tests="1" failures="0" timestamp="01 Sep 2018 07:21:03 GMT" time="1.811" errors="0">
  <testcase name="getData" time="1.811" classname="getdata.GetDataAtul"/>
</testsuite> <!-- getdata.GetDataAtul -->
