<?xml version="1.0" encoding="UTF-8"?>
<!-- Generated by org.testng.reporters.JUnitReportReporter -->
<testsuite skipped="0" hostname="INLN56587850A" name="getdata.DeletAtul" tests="1" failures="0" timestamp="05 Sep 2018 12:42:18 GMT" time="1.333" errors="0">
  <testcase name="deletData" time="1.333" classname="getdata.DeletAtul"/>
</testsuite> <!-- getdata.DeletAtul -->
